#############################
#........................LR.#
#.............L.L..........R#
#..L.....L..................#
#..........R................#
#......L.L.........R........#
#...........................#
#.....L.....................#
#...........................#
#...........................#
#...........................#
#...........................#
#...........................#
#..L..L.....................#
#...................R.......#
#.......R...................#
#....................L..L...#
#.........................R.#
#L..........................#
#...........................#
#..................R........#
#....R......................#
#................R..........#
#................R..........#
#R..........................#
#...........................#
#...........................#
#.................R...L.....#
#############################
