#############################
#...........................#
#L.L...............R........#
#...........................#
#...........................#
#......L...............R....#
#.......L...................#
#.......................R...#
#...........................#
#..................RR.......#
#...........................#
#...........................#
#.......L...................#
#.........................R.#
#...........................#
#...........................#
#...........................#
#.....................L.....#
#...........................#
#...........................#
#.......L...................#
#...........................#
#....L............L.........#
#....L......................#
#...........................#
#...........................#
#.............R......RL.....#
#...........................#
#############################
