#############################
#...........................#
#...........................#
#...........................#
#...........................#
#.......R...R....L..........#
#...........................#
#........R...........R......#
#...........................#
#...........................#
#...........................#
#...........................#
#.................R.........#
#...........................#
#........................R..#
#...........................#
#.................R.RR......#
#...........................#
#...........................#
#...........................#
#...........................#
#...........................#
#...........................#
#...........................#
#R..........................#
#..R........................#
#...........................#
#............R..............#
#############################
