#############################
#..........L................#
#...R......R................#
#...........................#
#...........................#
#...........................#
#...........................#
#RL.........................#
#...........................#
#..R.L.....................L#
#....................R......#
#....R......................#
#..R........................#
#...........................#
#...................L......L#
#.......R...................#
#...........................#
#...........................#
#.........R.L...............#
#...........................#
#...........................#
#........R..................#
#...........................#
#...........................#
#.L.........................#
#................L..........#
#........L..................#
#..L......L.................#
#############################
