#############################
#.....R.....L...............#
#......................L....#
#...........................#
#........R................R.#
#...........................#
#....L..........L........L..#
#.R.............R...........#
#...........................#
#...L.......................#
#.R.........................#
#......R....................#
#....................L......#
#.L................L........#
#..L........................#
#.......L...................#
#......................L...L#
#L.....R....................#
#...........................#
#...........................#
#.......LR......L...........#
#.........................R.#
#.R.........................#
#...........................#
#......L....................#
#.......................R...#
#.............L.............#
#...................R...R...#
#############################
