#############################
#...........................#
#...........................#
#...........................#
#...........................#
#...........................#
#...........................#
#..........................R#
#...........................#
#...........................#
#...........................#
#..L........................#
#.......R..L................#
#...........................#
#.........L.......R.........#
#......................R....#
#.........................R.#
#...........................#
#...........................#
#...........................#
#...........................#
#.........................L.#
#..LR............R..........#
#...........................#
#...........................#
#...........................#
#.............L....L........#
#...........................#
#############################
