#############################
#...........................#
#................L..........#
#...........................#
#...........................#
#.................R.........#
#...........................#
#...........................#
#...........................#
#...........................#
#.................R.........#
#...........................#
#...........................#
#...........................#
#.R.........................#
#...........................#
#...........................#
#...........................#
#...........................#
#............R.......L......#
#...........................#
#...........................#
#...........................#
#...........................#
#...........................#
#...........................#
#...........................#
#...........................#
#############################
