#############################
#..........R................#
#...........................#
#.....L.....................#
#...........................#
#...........................#
#L....R....................R#
#...........................#
#...........................#
#...........................#
#............L..............#
#...........................#
#...........................#
#.....R.....................#
#......L....................#
#.......L.....R.R..RL.......#
#................R..........#
#.....R.....................#
#R.....L.....R...........L..#
#...........................#
#...................R.......#
#..........................L#
#...........................#
#L...L......................#
#......R....................#
#.....R....................R#
#...........................#
#........................L..#
#############################
