#############################
#L.R.....R.L.....R....R...RR#
#...LL.L.RLLR.L....LRLR....L#
#.LL..LR.....R...R.LRL..RL.R#
#LL..L.LL.L....R...R.R.L.RLL#
#L.R...L.RLR...R.R...R.L....#
#...RRR.LRL.R..L..RRLR...L..#
#LRR.LL....RR..LR..L......RL#
#...R..L..L.R....LLR.L..L.LL#
#L..RL.R..L..L.R.....R.L..L.#
#..L.L.R.....LLL....RL.LL.RL#
#L.LL.........L.R..L.L.LRR.R#
#R...RL.R.R.R.R.L..R...L.L.L#
#LR......R..RRL...R.R.RRR..R#
#R.....LL.RLRLR.RL.L.L.R.L.R#
#R....LL...L..L....R.L.....R#
#LR.L...........R.R...L.R...#
#R.....LR..L........R.......#
#.R..L......R....LL..L.RLLR.#
#L........RRR...RL..L.RL.LR.#
#..L.L..L...R...LR.L.R......#
#...RLLLR.....RL.L.L..R.L.R.#
#LLL..L...LL.LLR...L....LL..#
#RR.R..L.L.L.RL.....LLLRR.R.#
#LLL..L....LRL.LR.L.RL..R.R.#
#R.R.RR...........L.LL..L...#
#.R....RLR.......L.L........#
#.LR..LR..RLLL.....L...LR.L.#
#############################
