#############################
#.R....L...L..RR........R...#
#...R.RL.R.R.LRRL.RL.LR.L.R.#
#LR...R.R.L....RLR.....L.LL.#
#....L.L.RLR...RRL.....L....#
#....L..LR.L.....L.R..R.L..R#
#L......R.L.R.LRL..R.L.R.L.R#
#.R.R.R....R.R.L.L.RL.L..R..#
#.LR.LLL...RR.R..RL..R.....R#
#L.R.L.L.RR.RLL.R..L..L....L#
#RRL.LRR...L..L.RL.LRLRLR.L.#
#L......R.L..L..LL.R..RRR.R.#
#R.R....R..L...RRLLLRLL...RL#
#R.R.L..RL...........R.R...L#
#....L......LL.R.R..RL.RR...#
#R..LL....L.R..LLR..R.L..R..#
#R....RL..R..LL....RL.R...LR#
#.R.RL........RRL.....R....R#
#R...L...RRR..L..R.LR.R.L.L.#
#...LR.LR......L.R...L..RL.L#
#..L.L.L..R.R...LLLL.R..L..L#
#L..L.RLL.R..LRL.RR.L.R...LR#
#RR.L.L........RL.R.R.L..R..#
#R..R.LR............RL.LR.L.#
#L.L..L....R...R..L..RRRL..R#
#...LRR......LR....L..L...RR#
#R.....LRL.RR..RR...R.LRLR.L#
#R.L...L.LR..L.LR..L..RL.L..#
#############################
