#############################
#R....RR.L.R...L.RL.R.L...LL#
#.LL.R....RR.RLL..L.........#
#R..R..L.L..LLL..R.LL.....LL#
#RRL...L..RRRRR..L.L..L..LL.#
#....L...L.L.L...RL.....L.L.#
#.RLL.LR...L..L.L.......L..R#
#R..L...LR.....R.R.......LR.#
#L.L..LR....L.LRLRL...R..RL.#
#LRL.LL.LRL.LRL..L..L....L..#
#L.L.........R.LRL..R.R.LRL.#
#R....RR.R...R...LR...L.RR.R#
#..R.RRL..RRR..RRRRLRL.RL...#
#.R....R.LR.....LLRRR.LR..R.#
#..L.....L..L.R.R....RR.....#
#.R.R.LR....L.L..L...RL.RR..#
#.LL.R.....R.....L.....R....#
#LRR.RR.R...L..LLR.....RR...#
#.L.RR..LR.R...L.RL.........#
#...R.R.RR.........L..R.L...#
#...L.......L...LR....R.....#
#L.R.R.LLR...R.R...LL.RL.LRR#
#..L......L..LL..RL.RLLL.LRL#
#....RLR.LR...R..L...R.L..R.#
#R..L..R..R.....LR..L....LLL#
#.LLL.R.R......R..L..R......#
#L......LRR......L..LR.RL.R.#
#RLL.....R.....LLR..RR...LL.#
#############################
