#############################
#.R.RR..RLR..L.....R.LR.RR.R#
#LR.L.L..RR......R....RL..R.#
#R.RRR.RR...RL.L....R...R...#
#LLR.RL.......L......L....L.#
#R.R.RL.L.RL..L..LRRR.....L.#
#L..R.R.LRL..R...R.L.....RLR#
#.RR..L.RRRR...RR.......RRLR#
#...........LR.L..L.R.L.L..L#
#R....L...L...L....LR...R.RL#
#..R....L.LRL..L.RR.R....L..#
#RR.LRR.RL...R..R.R.....R.R.#
#....RRR.....L...R..LL......#
#..R.R.R..R.R.RRL.....LRR.R.#
#...LR.RRR...LL.LL.L.....LR.#
#..R.....LR.....R..R...RLRLL#
#RR.LR..L.RL.LR.R..R.RRRLRLR#
#LR....R.......R..LL....L..L#
#L....LRR..........R.L.LR..R#
#...............RL.L.L.....L#
#LR.R...LR..RLR...RRRLRL..R.#
#..L....LL.RLRL..L..RR...L..#
#...R.LR...LLRLR..R....L....#
#.LL.LR..L.R.RL.RR.R...L....#
#.RL.......LR.R.R.L....RRRLL#
#..........LL.....L.......R.#
#..R..L.RL...L.R..L.R.......#
#...L..R..LR..R...R.L.LR.RLL#
#############################
