#############################
#.R...LL....LR........L..RL.#
#R.........LL..RLL.L..LL...R#
#.RRL...L.LR....R..L.L.L.L.L#
#..L......R....R.....R..L...#
#L.RL....RRRLRL....L.......L#
#R...RLRRL.L.L.....LL.LR.L..#
#L......L..R..RR.R.R.L.R...L#
#LR....L.....R.R..RRLLR...RR#
#RL.R.RL.L......L......RRR..#
#R....L...R...RLLR..L....R.L#
#LL.LL....L.R.......L..LRR.R#
#........RRRR...RLR...R....R#
#.RR...L.L...L.....LR.R.R.L.#
#..R.L...RR....R.....R......#
#....LLL..R.LL...L...RR..LRR#
#..RRLR...L.RR........L.L.R.#
#........R.RLR....LRR.RL....#
#L.LR......R.RR..L.L...L.L..#
#..........L..RR..RLRRRRRLLL#
#...........LRLR....R.R.R.L.#
#.R.R...R...RRL...R.RRR..L.R#
#R.RLLR.LLRRR.L...R.R...L.L.#
#.L........R...R....LR.L..L.#
#RL.L.......L..L.R.....L..LL#
#.R.L.RR...R.R..RR.R.R.RL...#
#LL.......L.RL.RL....LL..L..#
#.L.R.LR.RLRL....L...LRL....#
#############################
