#############################
#LR...R.R..RLRR..RLL.L..RLLL#
#....L.LL...RR.R.R...R...RR.#
#....L.R.R..R..L..LR.LL.R..L#
#L..R.RLL.R.........RR.R.LR.#
#R..R......RRR..RR..LLRL...L#
#...L...L..L.R...RLLL.RR....#
#R....RR........LR..R.R.LRL.#
#R...L....L..RLR.LR.L....RLL#
#....L.R.L..RLRL.L.R.R..RRL.#
#.RLLRR...R..R.R...........R#
#R.RL.L..LLLR.L.R..R.LRRL.R.#
#..RL..LL...L.R...R.RL......#
#.R...L.R...RL........R.....#
#R.........R.L...LLLR.RR..L.#
#.RLR.........LL.LLL...RRR.R#
#..LR..LRL.RL....L..R..LLRL.#
#.LL.R.L..L.R...L.LR..L.R...#
#L...LL.R.....L..LR...LLL...#
#.RL.L.RR..L.LLL...L.R.R.R..#
#..LR.L.LR....R....L...LL.R.#
#...LR.R.R....L..R.R.RR..RLR#
#RL..L.....RLL..R.L.....L..R#
#.........L..R.L..L......LL.#
#....R.L.RLL.L.....RL.L.....#
#R......R..R.R.RRR..........#
#R.L..R.LRLR...R..LLRL.LL...#
#R.LR..........LR..R...R...R#
#############################
