#############################
#...R.RR..LLL.L.RR.LR.R...L.#
#..L..L.R.....R.L...........#
#..L.L..LR.R.L.L.RLR..RR.L..#
#.L..RR...LR.LL..L.....L....#
#..R.LRL......LL.LLR.LR.RRL.#
#.LRL.R...R.L..LR...R..R.R..#
#.......R......L.L..R.L.LL.R#
#.L.....R......L.LR..L..RR..#
#....R.R...R..L....R..R..LRR#
#L..LL.L..L.....LR.R.....R..#
#...RLR.R..RRRR.....RRLR...L#
#.R...R..RLL.....RR.L..LRL..#
#LR..LRR.L.RL..RL.......RLL.#
#L..L.RR.LLR.R.R.R...R......#
#RR......R.RR.........R.....#
#L.R.R....L...R......L.LR.LR#
#..R.LRLL..L.LR.R....L..R.LL#
#..L..R....L..L...RL...RL.R.#
#.RR.L.LL.LR..LLL..L..R..L.L#
#.LRR.....LL.....L.L.RRRRL..#
#......L.R.RL.L..L..RL...R.L#
#.L..L.R...L..R.......R.R...#
#L...LLL.LL..LL.LLLL.....RR.#
#.R.LL...........L.R.R...LL.#
#R...RR.L...L......R......RL#
#L.L....RRLR..RLL.R.RR..R.R.#
#.....R....R....LLL....LRR.L#
#############################
