#############################
#R....LRL.....LR......L.L...#
#.L.R..R..........RLLL...RRR#
#..R...R...RL.R.R.....L..RL.#
#R..R.L.RR..L...RL.R........#
#........L.....R.LL.L....R.L#
#L.R.L.L..RLL.R.........RLL.#
#...LL.RRL.R..........RR...L#
#LR.......L..........L....L.#
#..L...L...RR...L.RL.R.L....#
#RRR...RR.......LL..L...L.LR#
#RL.RLL.RL.L..RL.LL...R..L.L#
#.R........L.RR...L..L..L.LL#
#....R....LL....L.LRL..L..RL#
#R.L..L...R..RLRR..RRR....LL#
#LL..L.L........L..L.LRLL..L#
#.L.LL..L.R.LR..R...LRRL.L..#
#L......LL.....R.LL.LRLL.R..#
#...L.RRR...RR..L.L.RRR....L#
#L..L.......RL...R.....LL.L.#
#...RR....L.R..R...L..LL..R.#
#L.L.R.L..LR...RR..L.....R.L#
#L.R....RR.LL......L...RL.R.#
#.....R.L.L..L.RR..........L#
#....LR......L...L.L.RL...LL#
#LLRR..RL.RL...L...L..R..L..#
#...R.L..LLL.RL...L.R...LL..#
#RLR...LR...R...L..LR...RR..#
#############################
