#############################
#....R..RL..L......R.L.LL...#
#L.LR.......LRR.L..R........#
#.L......RL.LL..R..........R#
#.L.R.L.R.L.LL....R..L..R...#
#...RRLR..R......L...RRL....#
#L.L....L.......RL..LR...R..#
#.R.R.L.L..R..L.LL..L.....R.#
#......LLL.....L.L.LL.L.R.L.#
#.......RLRR..R....L.LR..RR.#
#...LL.LL.L.........R..RLRR.#
#LL.R.R.L.LL.....L.R..RR.LLR#
#R.R.R...RR....L.LLR.R..L.R.#
#RR...RL..R.R.L...R..L.R.R..#
#L....L.R..LL......L.R..R.L.#
#.L.RLL....L...........L.R..#
#.R.....RL..L..RRLR...R..R.R#
#..LL.L..R.RRL..L....RL..R.L#
#..RL..L.....RL...R....L.RRR#
#......R....L.L..R.R.R.LL.LR#
#..L..L..LR..LR.L......L.L..#
#RL........L.......L..RR.LLL#
#.L.R.....R..RR........L.L..#
#L.L.LR.R.R......L.LR.RR.R..#
#...R.R.RR.L...R........LL..#
#LR..L..L..L..R.L......L.R..#
#LL......LL.LRR......R....LL#
#...LR.L.....R..RLLRL.RR.RLL#
#############################
