#############################
#...R.RR..R.....L....L...L..#
#...LRR....L...LRLL.....L.R.#
#LL..R........R..LR..L..LLR.#
#...L....RL.....R.L......L..#
#....RLR..LL........R.L..LLL#
#.R.L.L.R.LL..RR..R..R..R..R#
#...LL..R.R.RLRRLLRR...LLL.R#
#......R.....L.L...RLLR.L...#
#LL..LLL...R.R.LRRL.....RL.R#
#..LLLR..L..L.LL...RLRR.....#
#..L.....R.R..L.L....L.L.LL.#
#....R.LLRL..L...R.R..R.R...#
#LL....R..L..LRLRRL..L....R.#
#...RL....L.RRLLRRLL..L..R..#
#RR..R....RR.L....RL....R..R#
#L...L..L..........RR....L.R#
#R.....LL.R.L.......LLR.RL..#
#.L..RLLLLRLRR...LRL..LR....#
#L..R.L.R...LR.R..L.R....R..#
#RR.R.L..L..LL...R...L.L..L.#
#..L..LL...LR......RL.L.R..L#
#.LRL..R...LRL....L.L.L...R.#
#...LRLLRRL...RRR.R...L.L...#
#LR...RRL.....R...RRR.......#
#......R..RRRLL.LL.R.LRRRRR.#
#LRL.LL..LL.L.RRL.....LLR..R#
#L.R..L.L................LRL#
#############################
